#LOG_FORMAT=1
#LOGID=3
#LOGIV=
#"","20221001224003","CubeSerialized: }DimensionProperties: by Admin"
#"","20221001224003","CubeSerialized: }ElementAttributes_}Clients: by Admin"
#"","20221001224003","CubeSerialized: }ElementAttributes_}Cultures: by Admin"
#"","20221001224003","CubeSerialized: }ElementAttributes_}Groups: by Admin"
"","20221001225117","20221001225117","Admin","S","20221001223147","20221001225117","}DimensionProperties","}Dimensions","LAST_TIME_UPDATED",""
"","20221001225117","20221001225117","Admin","S","","20221001225117","}DimensionProperties","}ElementAttributes_01_Receita_Margem","LAST_TIME_UPDATED",""
"","20221001225117","20221001225117","Admin","S","","20221001225117","}DimensionProperties","}Cubes","LAST_TIME_UPDATED",""
#"","20221001225117","CubeSerialized: }ElementAttributes_01_Receita_Margem: by Admin"
"","20221001225117","20221001225117","Admin","S","20221001223147","20221001225117","}DimensionProperties","01_Receita_Margem","LAST_TIME_UPDATED",""
"","20221001225117","20221001225117","Admin","S","","Preço Unitário","}ElementAttributes_01_Receita_Margem","preco_unit","DESC",""
"","20221001225117","20221001225117","Admin","S","","Volume Venda","}ElementAttributes_01_Receita_Margem","vol_venda","DESC",""
"","20221001225117","20221001225117","Admin","S","","(%) Reajuste Preço","}ElementAttributes_01_Receita_Margem","perc_reaj_preco","DESC",""
"","20221001225117","20221001225117","Admin","S","","Receita","}ElementAttributes_01_Receita_Margem","receita","DESC",""
"","20221001225117","20221001225117","Admin","S","","Custo","}ElementAttributes_01_Receita_Margem","custo","DESC",""
"","20221001225117","20221001225117","Admin","S","","Margem","}ElementAttributes_01_Receita_Margem","margem","DESC",""
"","20221001225117","20221001225117","Admin","S","","(%) Margem","}ElementAttributes_01_Receita_Margem","perc_margem","DESC",""
"","20221001231739","20221001231739","Admin","S","20221001225117","20221001231739","}DimensionProperties","}ElementAttributes_01_Receita_Margem","LAST_TIME_UPDATED",""
"","20221001231739","20221001231739","Admin","S","","b:#,##0.00;(#,##0.00)CO|2|Y","}ElementAttributes_01_Receita_Margem","preco_unit","Format",""
"","20221001231739","20221001231739","Admin","S","","b:#,##0;(#,##0)CO|0|Y","}ElementAttributes_01_Receita_Margem","vol_venda","Format",""
"","20221001231739","20221001231739","Admin","S","","b:#.00%P|2|Y","}ElementAttributes_01_Receita_Margem","perc_reaj_preco","Format",""
"","20221001231739","20221001231739","Admin","S","","b:#,##0.00;(#,##0.00)CO|2|Y","}ElementAttributes_01_Receita_Margem","receita","Format",""
"","20221001231739","20221001231739","Admin","S","","b:#,##0.00;(#,##0.00)CO|2|Y","}ElementAttributes_01_Receita_Margem","custo","Format",""
"","20221001231739","20221001231739","Admin","S","","b:#,##0.00;(#,##0.00)CO|2|Y","}ElementAttributes_01_Receita_Margem","margem","Format",""
"","20221001231739","20221001231739","Admin","S","","b:#.00%P|2|Y","}ElementAttributes_01_Receita_Margem","perc_margem","Format",""
"","20221002211920","20221002211920","Admin","S","","20221002211920","}DimensionProperties","}Processes","LAST_TIME_UPDATED",""
"","20221002211923","20221002211923","Admin","S","","20221002211923","}DimensionProperties","02_Produto","LAST_TIME_UPDATED",""
"","20221002211923","20221002211923","Admin","S","20221001225117","20221002211923","}DimensionProperties","}Dimensions","LAST_TIME_UPDATED",""
"","20221002211923","20221002211923","Admin","S","","BYHIERARCHY","}DimensionProperties","02_Produto","SORTELEMENTSTYPE",""
"","20221002211923","20221002211923","Admin","S","","20221002211923","}DimensionProperties","}ElementAttributes_02_Produto","LAST_TIME_UPDATED",""
#"","20221002211923","CubeSerialized: }ElementAttributes_02_Produto: by Admin"
"","20221002211923","20221002211923","Admin","S","20221001225117","20221002211923","}DimensionProperties","}Cubes","LAST_TIME_UPDATED",""
"","20221002211923","20221002211923","Admin","S","","20221002211923","}DimensionProperties","}Hierarchies_02_Produto","LAST_TIME_UPDATED",""
"","20221002211923","20221002211923","Admin","S","","Cooking Gear","}ElementAttributes_02_Produto","00001","DESC",""
"","20221002211923","20221002211923","Admin","S","","Lanterns","}ElementAttributes_02_Produto","00002","DESC",""
"","20221002211923","20221002211923","Admin","S","","Packs","}ElementAttributes_02_Produto","00003","DESC",""
"","20221002211923","20221002211923","Admin","S","","Sleeping Bags","}ElementAttributes_02_Produto","00004","DESC",""
"","20221002211923","20221002211923","Admin","S","","Tents","}ElementAttributes_02_Produto","00005","DESC",""
"","20221002211923","20221002211923","Admin","S","","Golf Accessories","}ElementAttributes_02_Produto","00006","DESC",""
"","20221002211923","20221002211923","Admin","S","","Irons","}ElementAttributes_02_Produto","00007","DESC",""
"","20221002211923","20221002211923","Admin","S","","Putters","}ElementAttributes_02_Produto","00008","DESC",""
"","20221002211923","20221002211923","Admin","S","","Woods","}ElementAttributes_02_Produto","00009","DESC",""
"","20221002211923","20221002211923","Admin","S","","Climbing Accessories","}ElementAttributes_02_Produto","00010","DESC",""
"","20221002211923","20221002211923","Admin","S","","Rope","}ElementAttributes_02_Produto","00011","DESC",""
"","20221002211923","20221002211923","Admin","S","","Safety","}ElementAttributes_02_Produto","00012","DESC",""
"","20221002211923","20221002211923","Admin","S","","Tools","}ElementAttributes_02_Produto","00013","DESC",""
"","20221002211923","20221002211923","Admin","S","","First Aid","}ElementAttributes_02_Produto","00014","DESC",""
"","20221002211923","20221002211923","Admin","S","","Insect Repellents","}ElementAttributes_02_Produto","00015","DESC",""
"","20221002211923","20221002211923","Admin","S","","Sunscreen","}ElementAttributes_02_Produto","00016","DESC",""
"","20221002211923","20221002211923","Admin","S","","Binoculars","}ElementAttributes_02_Produto","00017","DESC",""
"","20221002211923","20221002211923","Admin","S","","Eyewear","}ElementAttributes_02_Produto","00018","DESC",""
"","20221002211923","20221002211923","Admin","S","","Knives","}ElementAttributes_02_Produto","00019","DESC",""
"","20221002211923","20221002211923","Admin","S","","Navigation","}ElementAttributes_02_Produto","00020","DESC",""
"","20221002211923","20221002211923","Admin","S","","Watches","}ElementAttributes_02_Produto","00021","DESC",""
"","20221002211923","20221002211923","Admin","S","","Workshop","}ElementAttributes_02_Produto","00022","DESC",""
