#LOG_FORMAT=1
#LOGID=3
#LOGIV=
#"","20221002211935","CubeSerialized: }DimensionProperties: by Admin"
#"","20221002211935","CubeSerialized: }ElementAttributes_01_Receita_Margem: by Admin"
#"","20221002211935","CubeSerialized: }ElementAttributes_02_Produto: by Admin"
#"","20221002211935","CubeSerialized: }ElementAttributes_}Cultures: by Admin"
"","20221002220413","20221002220413","Admin","S","20221002211923","20221002220413","}DimensionProperties","}Cubes","LAST_TIME_UPDATED",""
"","20221002220413","20221002220413","Admin","S","20221002211923","20221002220413","}DimensionProperties","}Dimensions","LAST_TIME_UPDATED",""
"","20221002220725","20221002220725","Admin","S","20221002211920","20221002220725","}DimensionProperties","}Processes","LAST_TIME_UPDATED",""
"","20221002220901","20221002220901","Admin","S","","20221002220900","}DimensionProperties","02_Produto","LAST_TIME_UPDATED",""
"","20221002220901","20221002220901","Admin","S","20221002220413","20221002220900","}DimensionProperties","}Dimensions","LAST_TIME_UPDATED",""
"","20221002220901","20221002220901","Admin","S","","BYHIERARCHY","}DimensionProperties","02_Produto","SORTELEMENTSTYPE",""
"","20221002220901","20221002220901","Admin","S","","20221002220900","}DimensionProperties","}ElementAttributes_02_Produto","LAST_TIME_UPDATED",""
#"","20221002220901","CubeSerialized: }ElementAttributes_02_Produto: by Admin"
"","20221002220901","20221002220901","Admin","S","20221002220413","20221002220900","}DimensionProperties","}Cubes","LAST_TIME_UPDATED",""
"","20221002220901","20221002220901","Admin","S","","20221002220900","}DimensionProperties","}Hierarchies_02_Produto","LAST_TIME_UPDATED",""
"","20221002220901","20221002220901","Admin","S","20221002220900","20221002220901","}DimensionProperties","02_Produto","LAST_TIME_UPDATED",""
"","20221002220901","20221002220901","Admin","S","20221002220900","20221002220901","}DimensionProperties","}Hierarchies_02_Produto","LAST_TIME_UPDATED",""
"","20221002220901","20221002220901","Admin","S","","Cooking Gear","}ElementAttributes_02_Produto","00001","DESC",""
"","20221002220901","20221002220901","Admin","S","","Lanterns","}ElementAttributes_02_Produto","00002","DESC",""
"","20221002220901","20221002220901","Admin","S","","Packs","}ElementAttributes_02_Produto","00003","DESC",""
"","20221002220901","20221002220901","Admin","S","","Sleeping Bags","}ElementAttributes_02_Produto","00004","DESC",""
"","20221002220901","20221002220901","Admin","S","","Tents","}ElementAttributes_02_Produto","00005","DESC",""
"","20221002220901","20221002220901","Admin","S","","Golf Accessories","}ElementAttributes_02_Produto","00006","DESC",""
"","20221002220901","20221002220901","Admin","S","","Irons","}ElementAttributes_02_Produto","00007","DESC",""
"","20221002220901","20221002220901","Admin","S","","Putters","}ElementAttributes_02_Produto","00008","DESC",""
"","20221002220901","20221002220901","Admin","S","","Woods","}ElementAttributes_02_Produto","00009","DESC",""
"","20221002220901","20221002220901","Admin","S","","Climbing Accessories","}ElementAttributes_02_Produto","00010","DESC",""
"","20221002220901","20221002220901","Admin","S","","Rope","}ElementAttributes_02_Produto","00011","DESC",""
"","20221002220901","20221002220901","Admin","S","","Safety","}ElementAttributes_02_Produto","00012","DESC",""
"","20221002220901","20221002220901","Admin","S","","Tools","}ElementAttributes_02_Produto","00013","DESC",""
"","20221002220901","20221002220901","Admin","S","","First Aid","}ElementAttributes_02_Produto","00014","DESC",""
"","20221002220901","20221002220901","Admin","S","","Insect Repellents","}ElementAttributes_02_Produto","00015","DESC",""
"","20221002220901","20221002220901","Admin","S","","Sunscreen","}ElementAttributes_02_Produto","00016","DESC",""
"","20221002220901","20221002220901","Admin","S","","Binoculars","}ElementAttributes_02_Produto","00017","DESC",""
"","20221002220901","20221002220901","Admin","S","","Eyewear","}ElementAttributes_02_Produto","00018","DESC",""
"","20221002220901","20221002220901","Admin","S","","Knives","}ElementAttributes_02_Produto","00019","DESC",""
"","20221002220901","20221002220901","Admin","S","","Navigation","}ElementAttributes_02_Produto","00020","DESC",""
"","20221002220901","20221002220901","Admin","S","","Watches","}ElementAttributes_02_Produto","00021","DESC",""
"","20221002220901","20221002220901","Admin","S","","Workshop","}ElementAttributes_02_Produto","00022","DESC",""
"","20221002220952","20221002220952","Admin","S","20221002220725","20221002220952","}DimensionProperties","}Processes","LAST_TIME_UPDATED",""
"","20221003123158","20221003123158","Admin","S","20221002220952","20221003123158","}DimensionProperties","}Processes","LAST_TIME_UPDATED",""
"","20221003123200","20221003123200","Admin","S","","20221003123200","}DimensionProperties","02_Filial","LAST_TIME_UPDATED",""
"","20221003123200","20221003123200","Admin","S","20221002220900","20221003123200","}DimensionProperties","}Dimensions","LAST_TIME_UPDATED",""
"","20221003123200","20221003123200","Admin","S","","BYHIERARCHY","}DimensionProperties","02_Filial","SORTELEMENTSTYPE",""
"","20221003123200","20221003123200","Admin","S","","20221003123200","}DimensionProperties","}ElementAttributes_02_Filial","LAST_TIME_UPDATED",""
#"","20221003123200","CubeSerialized: }ElementAttributes_02_Filial: by Admin"
"","20221003123200","20221003123200","Admin","S","20221002220900","20221003123200","}DimensionProperties","}Cubes","LAST_TIME_UPDATED",""
"","20221003123200","20221003123200","Admin","S","","20221003123200","}DimensionProperties","}Hierarchies_02_Filial","LAST_TIME_UPDATED",""
"","20221003123200","20221003123200","Admin","S","","Morumbi","}ElementAttributes_02_Filial","F0001","DESC",""
"","20221003123200","20221003123200","Admin","S","","Moema","}ElementAttributes_02_Filial","F0002","DESC",""
"","20221003123200","20221003123200","Admin","S","","Jardins","}ElementAttributes_02_Filial","F0003","DESC",""
"","20221003123200","20221003123200","Admin","S","","Barra","}ElementAttributes_02_Filial","F0004","DESC",""
"","20221003123200","20221003123200","Admin","S","","Copacabana","}ElementAttributes_02_Filial","F0005","DESC",""
"","20221003123200","20221003123200","Admin","S","","Bonfim","}ElementAttributes_02_Filial","F0006","DESC",""
"","20221003123200","20221003123200","Admin","S","","Pelourinho","}ElementAttributes_02_Filial","F0007","DESC",""
"","20221003123200","20221003123200","Admin","S","","Farroupila","}ElementAttributes_02_Filial","F0008","DESC",""
"","20221003123200","20221003123200","Admin","S","","Cidade Baixa","}ElementAttributes_02_Filial","F0009","DESC",""
"","20221003123200","20221003123200","Admin","S","","Humaitá","}ElementAttributes_02_Filial","F0010","DESC",""
"","20221003125510","20221003125510","Admin","S","20221003123158","20221003125510","}DimensionProperties","}Processes","LAST_TIME_UPDATED",""
"","20221003125512","20221003125512","Admin","S","","20221003125511","}DimensionProperties","04_Mes","LAST_TIME_UPDATED",""
"","20221003125512","20221003125512","Admin","S","20221003123200","20221003125511","}DimensionProperties","}Dimensions","LAST_TIME_UPDATED",""
"","20221003125512","20221003125512","Admin","S","","BYHIERARCHY","}DimensionProperties","04_Mes","SORTELEMENTSTYPE",""
"","20221003125512","20221003125512","Admin","S","","20221003125511","}DimensionProperties","}ElementAttributes_04_Mes","LAST_TIME_UPDATED",""
#"","20221003125512","CubeSerialized: }ElementAttributes_04_Mes: by Admin"
"","20221003125512","20221003125512","Admin","S","20221003123200","20221003125511","}DimensionProperties","}Cubes","LAST_TIME_UPDATED",""
"","20221003125512","20221003125512","Admin","S","","20221003125511","}DimensionProperties","}Hierarchies_04_Mes","LAST_TIME_UPDATED",""
"","20221003125512","20221003125512","Admin","S","","Jan","}ElementAttributes_04_Mes","Fev","PY",""
"","20221003125512","20221003125512","Admin","S","","Fev","}ElementAttributes_04_Mes","Mar","PY",""
"","20221003125512","20221003125512","Admin","S","","Mar","}ElementAttributes_04_Mes","Abr","PY",""
"","20221003125512","20221003125512","Admin","S","","Abr","}ElementAttributes_04_Mes","Mai","PY",""
"","20221003125512","20221003125512","Admin","S","","Mai","}ElementAttributes_04_Mes","Jun","PY",""
"","20221003125512","20221003125512","Admin","S","","Jun","}ElementAttributes_04_Mes","Jul","PY",""
"","20221003125512","20221003125512","Admin","S","","Jul","}ElementAttributes_04_Mes","Ago","PY",""
"","20221003125512","20221003125512","Admin","S","","Ago","}ElementAttributes_04_Mes","Set","PY",""
"","20221003125512","20221003125512","Admin","S","","Set","}ElementAttributes_04_Mes","Out","PY",""
"","20221003125512","20221003125512","Admin","S","","Out","}ElementAttributes_04_Mes","Nov","PY",""
"","20221003125512","20221003125512","Admin","S","","Nov","}ElementAttributes_04_Mes","Dez","PY",""
"","20221003130628","20221003130628","Admin","S","20221003125510","20221003130628","}DimensionProperties","}Processes","LAST_TIME_UPDATED",""
"","20221003130629","20221003130629","Admin","S","","20221003130629","}DimensionProperties","05_Versao","LAST_TIME_UPDATED",""
"","20221003130629","20221003130629","Admin","S","20221003125511","20221003130629","}DimensionProperties","}Dimensions","LAST_TIME_UPDATED",""
"","20221003130629","20221003130629","Admin","S","","20221003130629","}DimensionProperties","}Hierarchies_05_Versao","LAST_TIME_UPDATED",""
"","20221003131407","20221003131407","Admin","S","20221003130629","20221003131407","}DimensionProperties","05_Versao","LAST_TIME_UPDATED",""
"","20221003131913","20221003131913","Admin","S","20221003130629","20221003131913","}DimensionProperties","}Dimensions","LAST_TIME_UPDATED",""
"","20221003131913","20221003131913","Admin","S","","20221003131913","}DimensionProperties","04_Ano","LAST_TIME_UPDATED",""
"","20221003131913","20221003131913","Admin","S","","20221003131913","}DimensionProperties","}Hierarchies_04_Ano","LAST_TIME_UPDATED",""
"","20221003145844","20221003145844","Admin","S","20221003125511","20221003145844","}DimensionProperties","}Cubes","LAST_TIME_UPDATED",""
#"","20221003145844","CubeSerialized: REC_Receita_Margem: by Admin"
#"","20221003145844","CubeSerialized: }CubeProperties: by Admin"
#"","20221003145844","CubeSerialized: }CubeProperties: by Admin"
#"","20221003145844","CubeSerialized: REC_Receita_Margem: by Admin"
"","20221003150325","20221003150325","Admin","S","20221003145844","20221003150325","}DimensionProperties","}Cubes","LAST_TIME_UPDATED",""
"","20221003165623","20221003165623","Admin","S","20221003150325","20221003165623","}DimensionProperties","}Cubes","LAST_TIME_UPDATED",""
#"","20221003165623","CubeSerialized: REC_Receita_Margem: by Admin"
#"","20221003165623","CubeSerialized: }CubeProperties: by Admin"
#"","20221003165623","CubeSerialized: }CubeProperties: by Admin"
#"","20221003165623","CubeSerialized: }CubeProperties: by Admin"
#"","20221003165623","CubeSerialized: REC_Receita_Margem: by Admin"
"7","20221003194202","20221003194202","Admin","N","0","1","REC_Receita_Margem","Orçado","2021","Jan","F0001","00001","vol_venda",""
#"7","20221003194202","Change set 7 complete : 1"
"","20221003194236","20221003194236","Admin","S","20221003131913","20221003194236","}DimensionProperties","}Dimensions","LAST_TIME_UPDATED",""
"","20221003194236","20221003194236","Admin","S","","20221003194236","}DimensionProperties","dada","LAST_TIME_UPDATED",""
"","20221003194236","20221003194236","Admin","S","","20221003194236","}DimensionProperties","}Hierarchies_dada","LAST_TIME_UPDATED",""
"","20221003194247","20221003194247","Admin","S","20221003165623","20221003194247","}DimensionProperties","}Cubes","LAST_TIME_UPDATED",""
#"","20221003194247","CubeSerialized: afff: by Admin"
#"","20221003194247","CubeSerialized: }CubeProperties: by Admin"
#"","20221003194247","CubeSerialized: afff: by Admin"
"B","20221003194307","20221003194307","Admin","N","0","3223","afff","test-seq","Fev",""
#"B","20221003194307","Change set B complete : 1"
"","20221003194836","20221003194836","Admin","S","20221003130628","20221003194836","}DimensionProperties","}Processes","LAST_TIME_UPDATED",""
"","20221003194837","20221003194837","Admin","S","20221003194247","20221003194836","}DimensionProperties","}Cubes","LAST_TIME_UPDATED",""
#"","20221003194837","CubeSerialized: afff: by Admin"
#"","20221003194837","CubeSerialized: }CubeProperties: by Admin"
"","20221003195229","20221003195229","Admin","S","20221003194836","20221003195229","}DimensionProperties","}Processes","LAST_TIME_UPDATED",""
"","20221003195235","20221003195235","Admin","S","20221003194836","20221003195235","}DimensionProperties","}Cubes","LAST_TIME_UPDATED",""
"","20221003195239","20221003195239","Admin","S","20221003194236","20221003195239","}DimensionProperties","}Dimensions","LAST_TIME_UPDATED",""
"","20221003195516","20221003195516","Admin","S","20221003131407","20221003195516","}DimensionProperties","05_Versao","LAST_TIME_UPDATED",""
"","20221003195559","20221003195559","Admin","S","20221003195516","20221003195559","}DimensionProperties","05_Versao","LAST_TIME_UPDATED",""
"","20221003200354","20221003200354","Admin","S","20221003195235","20221003200354","}DimensionProperties","}Cubes","LAST_TIME_UPDATED",""
#"","20221003200354","CubeSerialized: testanfo: by Admin"
#"","20221003200354","CubeSerialized: }CubeProperties: by Admin"
#"","20221003200354","CubeSerialized: }CubeProperties: by Admin"
#"","20221003200354","CubeSerialized: }CubeProperties: by Admin"
#"","20221003200354","CubeSerialized: testanfo: by Admin"
#"","20221003200555","CubeSerialized: testanfo: by Admin"
"a","20221003200630","20221003200630","Admin","N","0","7","testanfo","Fev","preco_unit",""
#"a","20221003200630","Change set a complete : 1"
"b","20221003200632","20221003200632","Admin","N","0","58568","testanfo","Fev","vol_venda",""
#"b","20221003200632","Change set b complete : 1"
"c","20221003200633","20221003200633","Admin","N","0","868","testanfo","Mar","vol_venda",""
#"c","20221003200633","Change set c complete : 1"
#"","20221003200645","CubeSerialized: testanfo: by Admin"
"","20221003203053","20221003203053","Admin","S","20221003195559","20221003203053","}DimensionProperties","05_Versao","LAST_TIME_UPDATED",""
"","20221003203122","20221003203122","Admin","S","20221003203053","20221003203122","}DimensionProperties","05_Versao","LAST_TIME_UPDATED",""
"","20221003203146","20221003203146","Admin","S","20221003203122","20221003203146","}DimensionProperties","05_Versao","LAST_TIME_UPDATED",""
"","20221003203218","20221003203218","Admin","S","20221003203146","20221003203218","}DimensionProperties","05_Versao","LAST_TIME_UPDATED",""
"","20221003203239","20221003203239","Admin","S","20221003195239","20221003203239","}DimensionProperties","}Dimensions","LAST_TIME_UPDATED",""
"","20221003203239","20221003203239","Admin","S","","20221003203239","}DimensionProperties","tete","LAST_TIME_UPDATED",""
"","20221003203239","20221003203239","Admin","S","","20221003203239","}DimensionProperties","}Hierarchies_tete","LAST_TIME_UPDATED",""
"","20221003203250","20221003203250","Admin","S","20221003203239","20221003203250","}DimensionProperties","tete","LAST_TIME_UPDATED",""
"","20221003203534","20221003203534","Admin","S","20221003203250","20221003203534","}DimensionProperties","tete","LAST_TIME_UPDATED",""
"","20221003203542","20221003203542","Admin","S","20221003200354","20221003203542","}DimensionProperties","}Cubes","LAST_TIME_UPDATED",""
"","20221003203549","20221003203549","Admin","S","20221003203542","20221003203549","}DimensionProperties","}Cubes","LAST_TIME_UPDATED",""
#"","20221003203549","CubeSerialized: dada: by Admin"
#"","20221003203549","CubeSerialized: }CubeProperties: by Admin"
#"","20221003203549","CubeSerialized: dada: by Admin"
"","20221003205355","20221003205355","Admin","S","20221003203549","20221003205355","}DimensionProperties","}Cubes","LAST_TIME_UPDATED",""
#"","20221003205355","CubeSerialized: 1testeee: by Admin"
#"","20221003205355","CubeSerialized: }CubeProperties: by Admin"
#"","20221003205355","CubeSerialized: 1testeee: by Admin"
"","20221003205525","20221003205525","Admin","S","20221003205355","20221003205525","}DimensionProperties","}Cubes","LAST_TIME_UPDATED",""
"","20221003205539","20221003205539","Admin","S","20221003203239","20221003205539","}DimensionProperties","}Dimensions","LAST_TIME_UPDATED",""
"","20221003205539","20221003205539","Admin","S","","20221003205539","}DimensionProperties","}Views_dada","LAST_TIME_UPDATED",""
"","20221003205551","20221003205551","Admin","S","20221003205539","20221003205551","}DimensionProperties","}Views_dada","LAST_TIME_UPDATED",""
#"","20221003205658","CubeSerialized: REC_Receita_Margem: by Admin"
