#LOG_FORMAT=1
#LOGID=D
#LOGIV=
"","20220927130918","20220927130918","Admin","S","20220926184706","20220927130918","}DimensionProperties","}Dimensions","LAST_TIME_UPDATED",""
"","20220927130918","20220927130918","Admin","S","","20220927130918","}DimensionProperties","}ElementAttributes_04_Ano","LAST_TIME_UPDATED",""
"","20220927130918","20220927130918","Admin","S","20220926184706","20220927130918","}DimensionProperties","}Cubes","LAST_TIME_UPDATED",""
#"","20220927130918","CubeSerialized: }ElementAttributes_04_Ano: by Admin"
"","20220927130918","20220927130918","Admin","S","","2020","}ElementAttributes_04_Ano","2021","PY",""
"","20220927130918","20220927130918","Admin","S","","2021","}ElementAttributes_04_Ano","2022","PY",""
"","20220927130918","20220927130918","Admin","S","","2022","}ElementAttributes_04_Ano","2023","PY",""
"","20220927131107","20220927131107","Admin","S","","Dez","}ElementAttributes_04_Mes","Jan","PY",""
"E","20220927131841","20220927131841","Admin","N","0","5","REC_Receita_Margem","Orçado","2021","Jun","F0001","00001","perc_reaj_preco",""
#"E","20220927131841","Change set E complete : 1"
"F","20220927131850","20220927131850","Admin","N","5","5.e-002","REC_Receita_Margem","Orçado","2021","Jun","F0001","00001","perc_reaj_preco",""
#"F","20220927131850","Change set F complete : 1"
"a","20220927132148","20220927132148","Admin","N","0","0.1","REC_Receita_Margem","Orçado","2021","Dez","F0001","00001","perc_reaj_preco",""
#"a","20220927132148","Change set a complete : 1"
"b","20220927133010","20220927133010","Admin","N","0","5.e-002","REC_Receita_Margem","Orçado","2021","Jun","F0002","00001","perc_reaj_preco",""
#"b","20220927133010","Change set b complete : 1"
"c","20220927133017","20220927133017","Admin","N","0","0.1","REC_Receita_Margem","Orçado","2021","Dez","F0002","00001","perc_reaj_preco",""
#"c","20220927133017","Change set c complete : 1"
"","20220927135846","20220927135846","Admin","S","20220923185343","20220927135846","}DimensionProperties","05_Versao","LAST_TIME_UPDATED",""
"","20220927144127","20220927144127","Admin","S","20220926185241","20220927144127","}DimensionProperties","}Processes","LAST_TIME_UPDATED",""
"","20220927144154","20220927144154","Admin","S","","20220927144154","}DimensionProperties","01_REC_Preco_Custo_Realizado","LAST_TIME_UPDATED",""
"","20220927144154","20220927144154","Admin","S","20220927130918","20220927144154","}DimensionProperties","}Dimensions","LAST_TIME_UPDATED",""
#"","20220927144154","CubeSerialized: REC_Preco_Custo_Realizado: by Admin"
#"","20220927144154","CubeSerialized: }CubeProperties: by Admin"
"","20220927144154","20220927144154","Admin","S","20220927130918","20220927144154","}DimensionProperties","}Cubes","LAST_TIME_UPDATED",""
"","20220927144154","20220927144154","Admin","S","","20220927144154","}DimensionProperties","}Hierarchies_01_REC_Preco_Custo_Realizado","LAST_TIME_UPDATED",""
"","20220927144416","20220927144416","Admin","S","20220927144154","20220927144416","}DimensionProperties","}Cubes","LAST_TIME_UPDATED",""
"","20220927144428","20220927144428","Admin","S","20220927144154","20220927144428","}DimensionProperties","}Dimensions","LAST_TIME_UPDATED",""
"","20220927144507","20220927144507","Admin","S","","20220927144507","}DimensionProperties","01_REC_Preco_Custo_Realizado","LAST_TIME_UPDATED",""
"","20220927144507","20220927144507","Admin","S","20220927144428","20220927144507","}DimensionProperties","}Dimensions","LAST_TIME_UPDATED",""
#"","20220927144507","CubeSerialized: REC_Preco_Custo_Realizado: by Admin"
#"","20220927144507","CubeSerialized: }CubeProperties: by Admin"
"","20220927144507","20220927144507","Admin","S","20220927144416","20220927144507","}DimensionProperties","}Cubes","LAST_TIME_UPDATED",""
"","20220927144507","20220927144507","Admin","S","","20220927144507","}DimensionProperties","}Hierarchies_01_REC_Preco_Custo_Realizado","LAST_TIME_UPDATED",""
"","20220927144653","20220927144653","Admin","S","20220927144507","20220927144653","}DimensionProperties","}Cubes","LAST_TIME_UPDATED",""
"","20220927144659","20220927144659","Admin","S","20220927144507","20220927144659","}DimensionProperties","}Dimensions","LAST_TIME_UPDATED",""
