#LOG_FORMAT=1
#LOGID=d
#LOGIV=
#"","20221004122009","CubeSerialized: }CubeProperties: by Admin"
#"","20221004122009","CubeSerialized: }DimensionProperties: by Admin"
#"","20221004122009","CubeSerialized: }ElementAttributes_}Cultures: by Admin"
"","20221004122038","20221004122038","Admin","S","20221004122000","20221004122038","}DimensionProperties","}Dimensions","LAST_TIME_UPDATED",""
"","20221004164612","20221004164612","Admin","S","20221004122038","20221004164612","}DimensionProperties","}Dimensions","LAST_TIME_UPDATED",""
"","20221004164612","20221004164612","Admin","S","","20221004164612","}DimensionProperties","teste","LAST_TIME_UPDATED",""
"","20221004164612","20221004164612","Admin","S","","20221004164612","}DimensionProperties","}Hierarchies_teste","LAST_TIME_UPDATED",""
"","20221004164644","20221004164644","Admin","S","20221004164612","20221004164644","}DimensionProperties","teste","LAST_TIME_UPDATED",""
"","20221004164720","20221004164720","Admin","S","20221003211719","20221004164720","}DimensionProperties","}Cubes","LAST_TIME_UPDATED",""
#"","20221004164720","CubeSerialized: testetst: by Admin"
#"","20221004164720","CubeSerialized: }CubeProperties: by Admin"
#"","20221004164720","CubeSerialized: testetst: by Admin"
#"","20221004164724","CubeSerialized: }CubeProperties: by Admin"
#"","20221004164728","CubeSerialized: }CubeProperties: by Admin"
"f","20221004164801","20221004164801","Admin","N","0","123","testetst","erw","Jan",""
#"f","20221004164801","Change set f complete : 1"
#"","20221004164805","CubeSerialized: }CubeProperties: by Admin"
#"","20221004164819","CubeSerialized: }CubeProperties: by Admin"
"11","20221004164825","20221004164825","Admin","N","0","333","testetst","fsdfds","Fev",""
#"11","20221004164825","Change set 11 complete : 1"
#"","20221004164829","CubeSerialized: }CubeProperties: by Admin"
#"","20221004173405","CubeSerialized: }CubeProperties: by Admin"
"","20221004173836","20221004173836","Admin","S","20221004164720","20221004173836","}DimensionProperties","}Cubes","LAST_TIME_UPDATED",""
"","20221004173841","20221004173841","Admin","S","20221004164612","20221004173841","}DimensionProperties","}Dimensions","LAST_TIME_UPDATED",""
"","20221004173901","20221004173901","Admin","S","20221004173841","20221004173901","}DimensionProperties","}Dimensions","LAST_TIME_UPDATED",""
"","20221004173901","20221004173901","Admin","S","","20221004173901","}DimensionProperties","ABC","LAST_TIME_UPDATED",""
"","20221004173901","20221004173901","Admin","S","","20221004173901","}DimensionProperties","}Hierarchies_ABC","LAST_TIME_UPDATED",""
"","20221004173926","20221004173926","Admin","S","20221004173836","20221004173926","}DimensionProperties","}Cubes","LAST_TIME_UPDATED",""
#"","20221004173926","CubeSerialized: ABC: by Admin"
#"","20221004173926","CubeSerialized: }CubeProperties: by Admin"
#"","20221004173926","CubeSerialized: ABC: by Admin"
"","20221004174443","20221004174443","Admin","S","20221003195229","20221004174443","}DimensionProperties","}Processes","LAST_TIME_UPDATED",""
"","20221004174444","20221004174444","Admin","S","20221004173926","20221004174444","}DimensionProperties","}Cubes","LAST_TIME_UPDATED",""
#"","20221004174444","CubeSerialized: ABC: by Admin"
#"","20221004174444","CubeSerialized: }CubeProperties: by Admin"
"","20221004174509","20221004174509","Admin","S","20221004174443","20221004174509","}DimensionProperties","}Processes","LAST_TIME_UPDATED",""
"","20221004174902","20221004174902","Admin","S","20221004174444","20221004174902","}DimensionProperties","}Cubes","LAST_TIME_UPDATED",""
"","20221004174904","20221004174904","Admin","S","20221004173901","20221004174904","}DimensionProperties","}Dimensions","LAST_TIME_UPDATED",""
"","20221004175105","20221004175105","Admin","S","20221004174902","20221004175105","}DimensionProperties","}Cubes","LAST_TIME_UPDATED",""
#"","20221004175105","CubeSerialized: teste: by Admin"
#"","20221004175105","CubeSerialized: }CubeProperties: by Admin"
#"","20221004175105","CubeSerialized: teste: by Admin"
"","20221004175515","20221004175515","Admin","S","20221004174509","20221004175515","}DimensionProperties","}Processes","LAST_TIME_UPDATED",""
#"","20221004175515","CubeSerialized: }CubeProperties: by Admin"
#"","20221004175515","CubeSerialized: }CubeProperties: by Admin"
#"","20221004175644","CubeSerialized: }CubeProperties: by Admin"
#"","20221004175644","CubeSerialized: }CubeProperties: by Admin"
#"","20221004175726","CubeSerialized: }CubeProperties: by Admin"
#"","20221004175726","CubeSerialized: }CubeProperties: by Admin"
#"","20221004175751","CubeSerialized: }CubeProperties: by Admin"
#"","20221004175751","CubeSerialized: }CubeProperties: by Admin"
"","20221007135511","20221007135511","Admin","S","20221004175515","20221007135511","}DimensionProperties","}Processes","LAST_TIME_UPDATED",""
"","20221007135618","20221007135618","Admin","S","","20221007135618","}DimensionProperties","02_CeCO","LAST_TIME_UPDATED",""
"","20221007135618","20221007135618","Admin","S","20221004174904","20221007135618","}DimensionProperties","}Dimensions","LAST_TIME_UPDATED",""
"","20221007135618","20221007135618","Admin","S","","20221007135618","}DimensionProperties","}ElementAttributes_02_CeCO","LAST_TIME_UPDATED",""
#"","20221007135618","CubeSerialized: }ElementAttributes_02_CeCO: by Admin"
"","20221007135618","20221007135618","Admin","S","20221004175105","20221007135618","}DimensionProperties","}Cubes","LAST_TIME_UPDATED",""
"","20221007135618","20221007135618","Admin","S","","20221007135618","}DimensionProperties","}Hierarchies_02_CeCO","LAST_TIME_UPDATED",""
"","20221007135618","20221007135618","Admin","S","","Regionais Norte e Nordeste","}ElementAttributes_02_CeCO","10.101.001","DESC",""
"","20221007135618","20221007135618","Admin","S","","GERENTE COMERCIAL","}ElementAttributes_02_CeCO","101","DESC",""
"","20221007135618","20221007135618","Admin","S","","DIRETORIA COMERCIAL","}ElementAttributes_02_CeCO","10","DESC",""
"","20221007135618","20221007135618","Admin","S","","Regionais Sul e Suldeste","}ElementAttributes_02_CeCO","10.101.002","DESC",""
"","20221007135618","20221007135618","Admin","S","","Marketing","}ElementAttributes_02_CeCO","10.102.003","DESC",""
"","20221007135618","20221007135618","Admin","S","","GERENTE DE MKT E COMUNICAÇÃO","}ElementAttributes_02_CeCO","102","DESC",""
"","20221007135618","20221007135618","Admin","S","","Pré-venda","}ElementAttributes_02_CeCO","10.102.004","DESC",""
"","20221007135618","20221007135618","Admin","S","","Administração de RH","}ElementAttributes_02_CeCO","20.103.005","DESC",""
"","20221007135618","20221007135618","Admin","S","","GERENTE DE RH","}ElementAttributes_02_CeCO","103","DESC",""
"","20221007135618","20221007135618","Admin","S","","DIRETORIA DE RH","}ElementAttributes_02_CeCO","20","DESC",""
"","20221007135618","20221007135618","Admin","S","","Administração de Terceiros","}ElementAttributes_02_CeCO","20.103.006","DESC",""
"","20221007135618","20221007135618","Admin","S","","Recrutamento e Seleção","}ElementAttributes_02_CeCO","20.103.007","DESC",""
"","20221007135618","20221007135618","Admin","S","","Recursos Humanos","}ElementAttributes_02_CeCO","20.103.008","DESC",""
"","20221007135618","20221007135618","Admin","S","","Gestão de Seguros","}ElementAttributes_02_CeCO","20.104.009","DESC",""
"","20221007135618","20221007135618","Admin","S","","GERENTE SAÚDE E SEG TRABALHO","}ElementAttributes_02_CeCO","104","DESC",""
"","20221007135618","20221007135618","Admin","S","","Segurança das Informações","}ElementAttributes_02_CeCO","20.104.010","DESC",""
"","20221007135618","20221007135618","Admin","S","","Segurança Patrimonial","}ElementAttributes_02_CeCO","20.104.011","DESC",""
"","20221007135618","20221007135618","Admin","S","","Segurança/Medicina e Benef.","}ElementAttributes_02_CeCO","20.104.012","DESC",""
"","20221007135618","20221007135618","Admin","S","","Contabilidade de Custos","}ElementAttributes_02_CeCO","30.105.013","DESC",""
"","20221007135618","20221007135618","Admin","S","","GERENTE DE CONTROLE E GESTÃO","}ElementAttributes_02_CeCO","105","DESC",""
"","20221007135618","20221007135618","Admin","S","","DIRETORIA FINANCEIRA","}ElementAttributes_02_CeCO","30","DESC",""
"","20221007135618","20221007135618","Admin","S","","Contabilidade Tributária","}ElementAttributes_02_CeCO","30.105.014","DESC",""
"","20221007135618","20221007135618","Admin","S","","Faturamento","}ElementAttributes_02_CeCO","30.105.015","DESC",""
"","20221007135618","20221007135618","Admin","S","","Documentação Fiscal","}ElementAttributes_02_CeCO","30.106.016","DESC",""
"","20221007135618","20221007135618","Admin","S","","GERENTE DE GESTÃO TRIBUTÁRIA","}ElementAttributes_02_CeCO","106","DESC",""
"","20221007135618","20221007135618","Admin","S","","Gestão Tributária","}ElementAttributes_02_CeCO","30.106.017","DESC",""
"","20221007135618","20221007135618","Admin","S","","Tributos Diretos","}ElementAttributes_02_CeCO","30.106.018","DESC",""
"","20221007135618","20221007135618","Admin","S","","Tributos Indiretos","}ElementAttributes_02_CeCO","30.106.019","DESC",""
"","20221007135618","20221007135618","Admin","S","","Contabilidade","}ElementAttributes_02_CeCO","30.107.020","DESC",""
"","20221007135618","20221007135618","Admin","S","","GERENTE DE PROCES. CONTÁBEIS","}ElementAttributes_02_CeCO","107","DESC",""
"","20221007135618","20221007135618","Admin","S","","Finanças","}ElementAttributes_02_CeCO","30.108.021","DESC",""
"","20221007135618","20221007135618","Admin","S","","GERENTE GESTÃO CONTAS A PAGAR","}ElementAttributes_02_CeCO","108","DESC",""
"","20221007135618","20221007135618","Admin","S","","Planejamento Financeiro","}ElementAttributes_02_CeCO","30.109.022","DESC",""
"","20221007135618","20221007135618","Admin","S","","GERENTE PLANEJAMENTO FINANCEIRO","}ElementAttributes_02_CeCO","109","DESC",""
"","20221007135618","20221007135618","Admin","S","","Juridico","}ElementAttributes_02_CeCO","40.110.023","DESC",""
"","20221007135618","20221007135618","Admin","S","","GERENTE GERAL ADJUNTO","}ElementAttributes_02_CeCO","110","DESC",""
"","20221007135618","20221007135618","Admin","S","","DIRETORIA GERAL","}ElementAttributes_02_CeCO","40","DESC",""
"","20221007135618","20221007135618","Admin","S","","Projetos Especiais","}ElementAttributes_02_CeCO","40.110.024","DESC",""
"","20221007135618","20221007135618","Admin","S","","Superintendencia","}ElementAttributes_02_CeCO","40.110.025","DESC",""
"","20221007135618","20221007135618","Admin","S","","Controle de Qualidade","}ElementAttributes_02_CeCO","50.111.026","DESC",""
"","20221007135618","20221007135618","Admin","S","","GERENTE DE ENGENHARIA","}ElementAttributes_02_CeCO","111","DESC",""
"","20221007135618","20221007135618","Admin","S","","DIRETORIA OPERACIONAL","}ElementAttributes_02_CeCO","50","DESC",""
"","20221007135618","20221007135618","Admin","S","","Desenvolvimento de Novos Produtos","}ElementAttributes_02_CeCO","50.111.027","DESC",""
"","20221007135618","20221007135618","Admin","S","","Monatagem 1","}ElementAttributes_02_CeCO","50.112.028","DESC",""
"","20221007135618","20221007135618","Admin","S","","GERENTE DE FACILITIES","}ElementAttributes_02_CeCO","112","DESC",""
"","20221007135618","20221007135618","Admin","S","","Monatagem 2","}ElementAttributes_02_CeCO","50.112.029","DESC",""
"","20221007135618","20221007135618","Admin","S","","Monatagem 3","}ElementAttributes_02_CeCO","50.112.030","DESC",""
"","20221007135618","20221007135618","Admin","S","","Armazenagem","}ElementAttributes_02_CeCO","50.113.031","DESC",""
"","20221007135618","20221007135618","Admin","S","","GERENTE DE GESTÃO TRANSPORTES","}ElementAttributes_02_CeCO","113","DESC",""
"","20221007135618","20221007135618","Admin","S","","Distribuição","}ElementAttributes_02_CeCO","50.113.032","DESC",""
"","20221007135618","20221007135618","Admin","S","","Logística","}ElementAttributes_02_CeCO","50.113.033","DESC",""
"","20221007140748","20221007140748","Admin","S","20221007135618","20221007140748","}DimensionProperties","}Cubes","LAST_TIME_UPDATED",""
"","20221007170044","20221007170044","Admin","S","20221007135511","20221007170044","}DimensionProperties","}Processes","LAST_TIME_UPDATED",""
"","20221007170045","20221007170045","Admin","S","20221007140748","20221007170045","}DimensionProperties","}Cubes","LAST_TIME_UPDATED",""
"","20221007170045","20221007170045","Admin","S","20221007135618","20221007170045","}DimensionProperties","}Dimensions","LAST_TIME_UPDATED",""
"","20221007170045","20221007170045","Admin","S","20221007135618","20221007170045","}DimensionProperties","}ElementAttributes_02_CeCO","LAST_TIME_UPDATED",""
#"","20221007170045","CubeSerialized: }ElementAttributes_02_CeCO: by Admin"
"","20221007170045","20221007170045","Admin","S","20221007135618","20221007170045","}DimensionProperties","02_CeCO","LAST_TIME_UPDATED",""
"","20221007170045","20221007170045","Admin","S","20221007135618","20221007170045","}DimensionProperties","}Hierarchies_02_CeCO","LAST_TIME_UPDATED",""
"","20221007170045","20221007170045","Admin","S","","Regionais Norte e Nordeste","}ElementAttributes_02_CeCO","10.101.001","DESC",""
"","20221007170045","20221007170045","Admin","S","","GERENTE COMERCIAL","}ElementAttributes_02_CeCO","101","DESC",""
"","20221007170045","20221007170045","Admin","S","","DIRETORIA COMERCIAL","}ElementAttributes_02_CeCO","10","DESC",""
"","20221007170045","20221007170045","Admin","S","","Regionais Sul e Suldeste","}ElementAttributes_02_CeCO","10.101.002","DESC",""
"","20221007170045","20221007170045","Admin","S","","Marketing","}ElementAttributes_02_CeCO","10.102.003","DESC",""
"","20221007170045","20221007170045","Admin","S","","GERENTE DE MKT E COMUNICAÇÃO","}ElementAttributes_02_CeCO","102","DESC",""
"","20221007170045","20221007170045","Admin","S","","Pré-venda","}ElementAttributes_02_CeCO","10.102.004","DESC",""
"","20221007170045","20221007170045","Admin","S","","Administração de RH","}ElementAttributes_02_CeCO","20.103.005","DESC",""
"","20221007170045","20221007170045","Admin","S","","GERENTE DE RH","}ElementAttributes_02_CeCO","103","DESC",""
"","20221007170045","20221007170045","Admin","S","","DIRETORIA DE RH","}ElementAttributes_02_CeCO","20","DESC",""
"","20221007170045","20221007170045","Admin","S","","Administração de Terceiros","}ElementAttributes_02_CeCO","20.103.006","DESC",""
"","20221007170045","20221007170045","Admin","S","","Recrutamento e Seleção","}ElementAttributes_02_CeCO","20.103.007","DESC",""
"","20221007170045","20221007170045","Admin","S","","Recursos Humanos","}ElementAttributes_02_CeCO","20.103.008","DESC",""
"","20221007170045","20221007170045","Admin","S","","Gestão de Seguros","}ElementAttributes_02_CeCO","20.104.009","DESC",""
"","20221007170045","20221007170045","Admin","S","","GERENTE SAÚDE E SEG TRABALHO","}ElementAttributes_02_CeCO","104","DESC",""
"","20221007170045","20221007170045","Admin","S","","Segurança das Informações","}ElementAttributes_02_CeCO","20.104.010","DESC",""
"","20221007170045","20221007170045","Admin","S","","Segurança Patrimonial","}ElementAttributes_02_CeCO","20.104.011","DESC",""
"","20221007170045","20221007170045","Admin","S","","Segurança/Medicina e Benef.","}ElementAttributes_02_CeCO","20.104.012","DESC",""
"","20221007170045","20221007170045","Admin","S","","Contabilidade de Custos","}ElementAttributes_02_CeCO","30.105.013","DESC",""
"","20221007170045","20221007170045","Admin","S","","GERENTE DE CONTROLE E GESTÃO","}ElementAttributes_02_CeCO","105","DESC",""
"","20221007170045","20221007170045","Admin","S","","DIRETORIA FINANCEIRA","}ElementAttributes_02_CeCO","30","DESC",""
"","20221007170045","20221007170045","Admin","S","","Contabilidade Tributária","}ElementAttributes_02_CeCO","30.105.014","DESC",""
"","20221007170045","20221007170045","Admin","S","","Faturamento","}ElementAttributes_02_CeCO","30.105.015","DESC",""
"","20221007170045","20221007170045","Admin","S","","Documentação Fiscal","}ElementAttributes_02_CeCO","30.106.016","DESC",""
"","20221007170045","20221007170045","Admin","S","","GERENTE DE GESTÃO TRIBUTÁRIA","}ElementAttributes_02_CeCO","106","DESC",""
"","20221007170045","20221007170045","Admin","S","","Gestão Tributária","}ElementAttributes_02_CeCO","30.106.017","DESC",""
"","20221007170045","20221007170045","Admin","S","","Tributos Diretos","}ElementAttributes_02_CeCO","30.106.018","DESC",""
"","20221007170045","20221007170045","Admin","S","","Tributos Indiretos","}ElementAttributes_02_CeCO","30.106.019","DESC",""
"","20221007170045","20221007170045","Admin","S","","Contabilidade","}ElementAttributes_02_CeCO","30.107.020","DESC",""
"","20221007170045","20221007170045","Admin","S","","GERENTE DE PROCES. CONTÁBEIS","}ElementAttributes_02_CeCO","107","DESC",""
"","20221007170045","20221007170045","Admin","S","","Finanças","}ElementAttributes_02_CeCO","30.108.021","DESC",""
"","20221007170045","20221007170045","Admin","S","","GERENTE GESTÃO CONTAS A PAGAR","}ElementAttributes_02_CeCO","108","DESC",""
"","20221007170045","20221007170045","Admin","S","","Planejamento Financeiro","}ElementAttributes_02_CeCO","30.109.022","DESC",""
"","20221007170045","20221007170045","Admin","S","","GERENTE PLANEJAMENTO FINANCEIRO","}ElementAttributes_02_CeCO","109","DESC",""
"","20221007170045","20221007170045","Admin","S","","Juridico","}ElementAttributes_02_CeCO","40.110.023","DESC",""
"","20221007170045","20221007170045","Admin","S","","GERENTE GERAL ADJUNTO","}ElementAttributes_02_CeCO","110","DESC",""
"","20221007170045","20221007170045","Admin","S","","DIRETORIA GERAL","}ElementAttributes_02_CeCO","40","DESC",""
"","20221007170045","20221007170045","Admin","S","","Projetos Especiais","}ElementAttributes_02_CeCO","40.110.024","DESC",""
"","20221007170045","20221007170045","Admin","S","","Superintendencia","}ElementAttributes_02_CeCO","40.110.025","DESC",""
"","20221007170045","20221007170045","Admin","S","","Controle de Qualidade","}ElementAttributes_02_CeCO","50.111.026","DESC",""
"","20221007170045","20221007170045","Admin","S","","GERENTE DE ENGENHARIA","}ElementAttributes_02_CeCO","111","DESC",""
"","20221007170045","20221007170045","Admin","S","","DIRETORIA OPERACIONAL","}ElementAttributes_02_CeCO","50","DESC",""
"","20221007170045","20221007170045","Admin","S","","Desenvolvimento de Novos Produtos","}ElementAttributes_02_CeCO","50.111.027","DESC",""
"","20221007170045","20221007170045","Admin","S","","Monatagem 1","}ElementAttributes_02_CeCO","50.112.028","DESC",""
"","20221007170045","20221007170045","Admin","S","","GERENTE DE FACILITIES","}ElementAttributes_02_CeCO","112","DESC",""
"","20221007170045","20221007170045","Admin","S","","Monatagem 2","}ElementAttributes_02_CeCO","50.112.029","DESC",""
"","20221007170045","20221007170045","Admin","S","","Monatagem 3","}ElementAttributes_02_CeCO","50.112.030","DESC",""
"","20221007170045","20221007170045","Admin","S","","Armazenagem","}ElementAttributes_02_CeCO","50.113.031","DESC",""
"","20221007170045","20221007170045","Admin","S","","GERENTE DE GESTÃO TRANSPORTES","}ElementAttributes_02_CeCO","113","DESC",""
"","20221007170045","20221007170045","Admin","S","","Distribuição","}ElementAttributes_02_CeCO","50.113.032","DESC",""
"","20221007170045","20221007170045","Admin","S","","Logística","}ElementAttributes_02_CeCO","50.113.033","DESC",""
"","20221007170109","20221007170109","Admin","S","20221007170044","20221007170109","}DimensionProperties","}Processes","LAST_TIME_UPDATED",""
"","20221007170111","20221007170111","Admin","S","20221007170109","20221007170111","}DimensionProperties","}Processes","LAST_TIME_UPDATED",""
"","20221007212214","20221007212214","*","S","","BYNAME","}DimensionProperties","}Views_REC_Receita_Margem","SORTELEMENTSTYPE",""
"","20221007212214","20221007212214","*","S","","ASCENDING","}DimensionProperties","}Views_REC_Receita_Margem","SORTELEMENTSSENSE",""
